Building DAG of jobs...
Using shell: /usr/bin/bash
Provided cores: 48
Rules claiming more threads will be scaled down.
Job stats:
job              count
-------------  -------
all                  1
phmmer_search        1
total                2

Select jobs to execute...
Execute 1 jobs...

[Fri Aug 23 14:53:47 2024]
localrule phmmer_search:
    input: input_fasta/CmdTAC.faa, /home/gridsan/cdoering/LaubLab_shared/nr_protein
    output: phmmer_result/CmdTAC_phmmer.txt
    jobid: 1
    reason: Missing output files: phmmer_result/CmdTAC_phmmer.txt
    threads: 48
    resources: tmpdir=/state/partition1/slurm_tmp/26865293.4294967291.0

[Sat Aug 24 00:46:38 2024]
Finished job 1.
1 of 2 steps (50%) done
Select jobs to execute...
Execute 1 jobs...

[Sat Aug 24 00:46:39 2024]
localrule all:
    input: phmmer_result/CmdTAC_phmmer.txt
    jobid: 0
    reason: Input files updated by another job: phmmer_result/CmdTAC_phmmer.txt
    resources: tmpdir=/state/partition1/slurm_tmp/26865293.4294967291.0

[Sat Aug 24 00:46:39 2024]
Finished job 0.
2 of 2 steps (100%) done
Complete log: .snakemake/log/2024-08-23T145326.773944.snakemake.log
