Building DAG of jobs...
Using shell: /usr/bin/bash
Provided cores: 48
Rules claiming more threads will be scaled down.
Job stats:
job                     count
--------------------  -------
feature_table_search        1
tax_lineages                1
total                       2

Select jobs to execute...
Execute 1 jobs...

[Thu Sep 12 08:44:55 2024]
localrule feature_table_search:
    input: phmmer_result/CmdTAC_phmmer.txt, /home/gridsan/cdoering/LaubLab_shared/all_refseq_feature_tables, /home/gridsan/cdoering/LaubLab_shared/assembly_summary.txt
    output: results/CmdTAC_genomes_with_system.txt
    jobid: 1
    reason: Missing output files: results/CmdTAC_genomes_with_system.txt
    threads: 48
    resources: tmpdir=/state/partition1/slurm_tmp/27003865.4294967291.0

RuleException:
CalledProcessError in file /home/gridsan/cdoering/TaxFinder/Snakefile, line 54:
Command 'set -euo pipefail;  /home/gridsan/cdoering/.conda/envs/TaxFinder/bin/python3.12 /home/gridsan/cdoering/TaxFinder/.snakemake/scripts/tmpkfjnq10b.find_systems_in_FT.py' returned non-zero exit status 1.
[Thu Sep 12 14:15:56 2024]
Error in rule feature_table_search:
    jobid: 1
    input: phmmer_result/CmdTAC_phmmer.txt, /home/gridsan/cdoering/LaubLab_shared/all_refseq_feature_tables, /home/gridsan/cdoering/LaubLab_shared/assembly_summary.txt
    output: results/CmdTAC_genomes_with_system.txt

Shutting down, this might take some time.
Exiting because a job execution failed. Look above for error message
Complete log: .snakemake/log/2024-09-12T084415.047934.snakemake.log
WorkflowError:
At least one job did not complete successfully.
