Building DAG of jobs...
Using shell: /usr/bin/bash
Provided cores: 1 (use --cores to define parallelism)
Rules claiming more threads will be scaled down.
Conda environments: ignored
Job stats:
job                     count
--------------------  -------
isolate_system_fasta        1
total                       1

Select jobs to execute...
Execute 1 jobs...

[Fri Aug 23 13:11:57 2024]
localrule isolate_system_fasta:
    input: /home/gridsan/cdoering/TaxFinder/CmdTAC.faa
    output: input_fasta/{config['system_name']}.faa
    jobid: 0
    reason: Missing output files: input_fasta/{config['system_name']}.faa
    resources: tmpdir=/state/partition1/slurm_tmp/26859384.0.0

[Fri Aug 23 13:11:59 2024]
Finished job 0.
1 of 1 steps (100%) done
Complete log: .snakemake/log/2024-08-23T131157.653507.snakemake.log
