Building DAG of jobs...
Using shell: /usr/bin/bash
Provided cores: 48
Rules claiming more threads will be scaled down.
Job stats:
job                     count
--------------------  -------
feature_table_search        1
total                       1

Select jobs to execute...
Execute 1 jobs...

[Tue Nov  5 13:41:48 2024]
localrule feature_table_search:
    input: phmmer_result/CmdTAC_phmmer.txt, /home/gridsan/cdoering/LaubLab_shared/all_refseq_feature_tables, /home/gridsan/cdoering/LaubLab_shared/assembly_summary.txt
    output: results/CmdTAC_genomes_with_system.txt
    log: test_stdout.log
    jobid: 0
    reason: Missing output files: results/CmdTAC_genomes_with_system.txt
    threads: 48
    resources: tmpdir=/state/partition1/slurm_tmp/27330666.4294967291.0

[Fri Nov  8 06:26:16 2024]
Finished job 0.
1 of 1 steps (100%) done
Complete log: .snakemake/log/2024-11-05T134140.953843.snakemake.log
