Building DAG of jobs...
Using shell: /usr/bin/bash
Provided cores: 48
Rules claiming more threads will be scaled down.
Job stats:
job                     count
--------------------  -------
feature_table_search        1
total                       1

Select jobs to execute...
Execute 1 jobs...

[Thu Nov 14 09:32:04 2024]
localrule feature_table_search:
    input: phmmer_result/CmdTAC_phmmer.txt, /home/gridsan/cdoering/LaubLab_shared/all_refseq_feature_tables, /home/gridsan/cdoering/LaubLab_shared/assembly_summary.txt
    output: results/CmdTAC_genomes_with_system.txt
    jobid: 0
    reason: Missing output files: results/CmdTAC_genomes_with_system.txt
    threads: 48
    resources: tmpdir=/state/partition1/slurm_tmp/27375960.4294967291.0

RuleException:
CalledProcessError in file /home/gridsan/cdoering/TaxFinder/Snakefile, line 55:
Command 'set -euo pipefail;  /home/gridsan/cdoering/.conda/envs/TaxFinder/bin/python3.12 /home/gridsan/cdoering/TaxFinder/.snakemake/scripts/tmpy4kgh2m5.find_systems_in_FT.py' returned non-zero exit status 1.
[Thu Nov 14 09:48:25 2024]
Error in rule feature_table_search:
    jobid: 0
    input: phmmer_result/CmdTAC_phmmer.txt, /home/gridsan/cdoering/LaubLab_shared/all_refseq_feature_tables, /home/gridsan/cdoering/LaubLab_shared/assembly_summary.txt
    output: results/CmdTAC_genomes_with_system.txt

Shutting down, this might take some time.
Exiting because a job execution failed. Look above for error message
Complete log: .snakemake/log/2024-11-14T093200.595325.snakemake.log
WorkflowError:
At least one job did not complete successfully.
