Building DAG of jobs...
Using shell: /usr/bin/bash
Provided cores: 96
Rules claiming more threads will be scaled down.
Job stats:
job                     count
--------------------  -------
feature_table_search        1
total                       1

Select jobs to execute...
Execute 1 jobs...

[Mon Aug 26 16:20:31 2024]
localrule feature_table_search:
    input: phmmer_result/CmdTAC_phmmer.txt, /home/gridsan/cdoering/LaubLab_shared/all_refseq_feature_tables, /home/gridsan/cdoering/LaubLab_shared/assembly_summary.txt
    output: results/CmdTAC_genomes_with_system.txt
    jobid: 0
    reason: Missing output files: results/CmdTAC_genomes_with_system.txt
    threads: 48
    resources: tmpdir=/state/partition1/slurm_tmp/26880672.0.0

Terminating processes on user request, this might take some time.
RuleException:
CalledProcessError in file /home/gridsan/cdoering/TaxFinder/Snakefile, line 43:
Command 'set -euo pipefail;  /home/gridsan/cdoering/.conda/envs/TaxFinder/bin/python3.12 /home/gridsan/cdoering/TaxFinder/.snakemake/scripts/tmp8dpkylsy.find_systems_in_FT.py' died with <Signals.SIGINT: 2>.
[Mon Aug 26 16:37:28 2024]
Error in rule feature_table_search:
    jobid: 0
    input: phmmer_result/CmdTAC_phmmer.txt, /home/gridsan/cdoering/LaubLab_shared/all_refseq_feature_tables, /home/gridsan/cdoering/LaubLab_shared/assembly_summary.txt
    output: results/CmdTAC_genomes_with_system.txt

Complete log: .snakemake/log/2024-08-26T162030.803693.snakemake.log
WorkflowError:
At least one job did not complete successfully.
